[ ] ==== start_app begin (mode=debug) ====
[ ] SCRIPT_DIR=C:\Users\User\Desktop\New folder (8)\flexinventory (6)\
[ ] PB_DIR=C:\Users\User\Downloads\pocketbase_0.36.2_windows_amd64
[ ] APP_DIR=C:\Users\User\Desktop\New folder (8)\flexinventory (6)
[ ] APP_URL=http://172.26.23.254:3000/
[ ] Starting PocketBase...
[ ] Starting Vite (attempt 1)...
[ ] Vite not up, running npm install...
[ ] Starting Vite (attempt 2)...
[ ] ERROR: Vite still not listening.
[ ] Opening browser: http://172.26.23.254:3000/
[ ] ==== start_app begin (mode=debug) ====
[ ] SCRIPT_DIR=C:\Users\User\Desktop\New folder (8)\flexinventory (6)\
[ ] PB_DIR=C:\Users\User\Downloads\pocketbase_0.36.2_windows_amd64
[ ] APP_DIR=C:\Users\User\Desktop\New folder (8)\flexinventory (6)
[ ] APP_URL=http://172.26.23.254:3000/
[ ] PocketBase port 8090 already listening.
[ ] Starting Vite (attempt 1)...
[ ] Vite not up, running npm install...
[ ] Starting Vite (attempt 2)...
[ ] ERROR: Vite still not listening.
[ ] Opening browser: http://172.26.23.254:3000/
[ ] ==== start_app begin (mode=debug) ====
[ ] SCRIPT_DIR=C:\Users\User\Desktop\New folder (8)\flexinventory (6)\
[ ] PB_DIR=C:\Users\User\Downloads\pocketbase_0.36.2_windows_amd64
[ ] APP_DIR=C:\Users\User\Desktop\New folder (8)\flexinventory (6)
[ ] APP_URL=http://172.26.23.254:3000/
[ ] PocketBase port 8090 already listening.
[ ] Starting Vite (attempt 1)...
[ ] ==== start_app begin (mode=debug) ====
[ ] SCRIPT_DIR=C:\Users\User\Desktop\New folder (8)\flexinventory (6)\
[ ] PB_DIR=C:\Users\User\Downloads\pocketbase_0.36.2_windows_amd64
[ ] APP_DIR=C:\Users\User\Desktop\New folder (8)\flexinventory (6)
[ ] APP_URL=http://172.26.23.254:3000/
[ ] PocketBase port 8090 already listening.
[ ] Starting Vite (attempt 1)...
